
DIR +--- ASCII ----+   +--------------------- HEX ---------------------+
Wed Feb 15 15:50:18 2017
 Connection to COM8:115200,N,8,1,RTSCTS

<<                    (TimeO)

Changed baud to 9600

>>  ...$............   1C 00 00 24 03 01 00 01   05 00 03 00 00 00 00 00
>>  ................   FF FF FF FF FF FF FF FF   01 00 00 00 00 C0 00 00
>>  ........h.T...     01 00 00 00 00 C2 01 00   68 1B 54 BD FA 1D

<<                     TimeO

>>  .............G..   1C 00 00 08 00 01 00 04   B4 00 00 00 EE 47 98 B2
>>  .                  1D

<<                     TimeO

>>  ...$............   1C 00 00 24 03 01 00 01   05 00 03 00 00 00 00 00
>>  ................   FF FF FF FF FF FF FF FF   01 00 00 00 00 C0 00 00
>>  ........h.T...     01 00 00 00 00 C2 01 00   68 1B 54 BD FA 1D

<<                     TimeO

>>  .............G..   1C 00 00 08 00 01 00 04   B4 00 00 00 EE 47 98 B2
>>  .                  1D

<<                     TimeO

>>  ...$............   1C 00 00 24 03 01 00 01   05 00 03 00 00 00 00 00
>>  ................   FF FF FF FF FF FF FF FF   01 00 00 00 00 C0 00 00
>>  ........h.T...     01 00 00 00 00 C2 01 00   68 1B 54 BD FA 1D

<<                     TimeO

>>  .............G..   1C 00 00 08 00 01 00 04   B4 00 00 00 EE 47 98 B2
>>  .                  1D

<<                     TimeO

>>  ...$............   1C 00 00 24 03 01 00 01   05 00 03 00 00 00 00 00
>>  ................   FF FF FF FF FF FF FF FF   01 00 00 00 00 C0 00 00
>>  ........h.T...     01 00 00 00 00 C2 01 00   68 1B 54 BD FA 1D

<<                     TimeO

>>  .............G..   1C 00 00 08 00 01 00 04   B4 00 00 00 EE 47 98 B2
>>  .                  1D

<<                     TimeO

>>  ...$............   1C 00 00 24 03 01 00 01   05 00 03 00 00 00 00 00
>>  ................   FF FF FF FF FF FF FF FF   01 00 00 00 00 C0 00 00
>>  ........h.T...     01 00 00 00 00 C2 01 00   68 1B 54 BD FA 1D

<<                     TimeO

>>  .............G..   1C 00 00 08 00 01 00 04   B4 00 00 00 EE 47 98 B2
>>  .                  1D

<<                     TimeO

>>  ...$............   1C 00 00 24 03 01 00 01   05 00 03 00 00 00 00 00
>>  ................   FF FF FF FF FF FF FF FF   01 00 00 00 00 C0 00 00
>>  ........h.T...     01 00 00 00 00 C2 01 00   68 1B 54 BD FA 1D

<<                     TimeO

>>  .............G..   1C 00 00 08 00 01 00 04   B4 00 00 00 EE 47 98 B2
>>  .                  1D

<<                     TimeO

>>  ...$............   1C 00 00 24 03 01 00 01   05 00 03 00 00 00 00 00
>>  ................   FF FF FF FF FF FF FF FF   01 00 00 00 00 C0 00 00
>>  ........h.T...     01 00 00 00 00 C2 01 00   68 1B 54 BD FA 1D

<<                     TimeO

>>  .............G..   1C 00 00 08 00 01 00 04   B4 00 00 00 EE 47 98 B2
>>  .                  1D

<<                     TimeO
